<?xml version="1.0" encoding="UTF-8"?>
<!-- Generated by org.testng.reporters.JUnitReportReporter -->
<testsuite hostname="vasu-PC" name="vasudeva.AppTest" tests="1" failures="0" timestamp="5 Nov 2019 00:55:29 GMT" time="27.634" errors="0">
  <testcase name="sample" time="27.634" classname="vasudeva.AppTest"/>
</testsuite> <!-- vasudeva.AppTest -->
